<?xml version="1.0" encoding="UTF-8"?>
<!-- Generated by org.testng.reporters.JUnitReportReporter -->
<testsuite skipped="0" hostname="DESKTOP-JVNORO9" name="JavaClass.ExcelSheetData" tests="1" failures="0" timestamp="02 Jul 2020 19:32:05 GMT" time="0.951" errors="0">
  <testcase name="Test1" time="0.951" classname="JavaClass.ExcelSheetData"/>
</testsuite> <!-- JavaClass.ExcelSheetData -->
