<?xml version="1.0" encoding="UTF-8"?>
<!-- Generated by org.testng.reporters.JUnitReportReporter -->
<testsuite skipped="0" hostname="DESKTOP-JVNORO9" name="s.class6" tests="3" failures="0" timestamp="01 Apr 2020 17:41:38 GMT" time="7.066" errors="0">
  <testcase name="Test1" time="5.594" classname="s.class6"/>
  <testcase name="Test3" time="1.190" classname="s.class6"/>
  <testcase name="Test2" time="0.282" classname="s.class6"/>
</testsuite> <!-- s.class6 -->
