<?xml version="1.0" encoding="UTF-8"?>
<!-- Generated by org.testng.reporters.JUnitReportReporter -->
<testsuite skipped="0" hostname="DESKTOP-JVNORO9" name="s.Class2" tests="1" failures="0" timestamp="25 Mar 2020 14:36:42 GMT" time="5.001" errors="0">
  <testcase name="Test1" time="5.001" classname="s.Class2"/>
</testsuite> <!-- s.Class2 -->
