<?xml version="1.0" encoding="UTF-8"?>
<!-- Generated by org.testng.reporters.JUnitReportReporter -->
<testsuite skipped="0" hostname="DESKTOP-JVNORO9" name="class8" tests="1" failures="0" timestamp="10 Feb 2019 09:58:30 GMT" time="7.408" errors="0">
  <testcase name="Test1" time="7.408" classname="class8"/>
</testsuite> <!-- class8 -->
