<?xml version="1.0" encoding="UTF-8"?>
<!-- Generated by org.testng.reporters.JUnitReportReporter -->
<testsuite skipped="0" hostname="DESKTOP-JVNORO9" name="APITestCase.TestCaseI" tests="1" failures="0" timestamp="12 Jul 2020 14:14:20 GMT" time="6.124" errors="0">
  <testcase name="Test1" time="6.124" classname="APITestCase.TestCaseI"/>
</testsuite> <!-- APITestCase.TestCaseI -->
