<?xml version="1.0" encoding="UTF-8"?>
<!-- Generated by org.testng.reporters.JUnitReportReporter -->
<testsuite skipped="0" hostname="DESKTOP-JVNORO9" name="JavaClass.Class2" tests="1" failures="0" timestamp="25 Jun 2020 12:44:14 GMT" time="7.218" errors="0">
  <testcase name="Test1" time="7.218" classname="JavaClass.Class2"/>
</testsuite> <!-- JavaClass.Class2 -->
