<?xml version="1.0" encoding="UTF-8"?>
<!-- Generated by org.testng.reporters.JUnitReportReporter -->
<testsuite skipped="0" hostname="DESKTOP-JVNORO9" name="class4" tests="1" failures="0" timestamp="03 Feb 2019 11:06:16 GMT" time="4.446" errors="0">
  <testcase name="Test1" time="4.446" classname="class4"/>
</testsuite> <!-- class4 -->
