<?xml version="1.0" encoding="UTF-8"?>
<!-- Generated by org.testng.reporters.JUnitReportReporter -->
<testsuite skipped="0" hostname="DESKTOP-JVNORO9" name="Class2" tests="1" failures="0" timestamp="02 Feb 2019 10:55:35 GMT" time="15.227" errors="0">
  <testcase name="Test1" time="15.227" classname="Class2"/>
</testsuite> <!-- Class2 -->
