<?xml version="1.0" encoding="UTF-8"?>
<!-- Generated by org.testng.reporters.JUnitReportReporter -->
<testsuite skipped="0" hostname="DESKTOP-JVNORO9" name="JavaClass.PostClass" tests="1" failures="0" timestamp="23 Jun 2020 19:43:20 GMT" time="5.220" errors="0">
  <testcase name="Test1" time="5.220" classname="JavaClass.PostClass"/>
</testsuite> <!-- JavaClass.PostClass -->
