<?xml version="1.0" encoding="UTF-8"?>
<!-- Generated by org.testng.reporters.JUnitReportReporter -->
<testsuite skipped="0" hostname="DESKTOP-JVNORO9" name="s.Class3" tests="2" failures="0" timestamp="26 Mar 2020 12:15:43 GMT" time="0.015" errors="0">
  <testcase name="gata" time="0.014" classname="s.Class3"/>
  <testcase name="gata" time="0.001" classname="s.Class3"/>
</testsuite> <!-- s.Class3 -->
