<?xml version="1.0" encoding="UTF-8"?>
<!-- Generated by org.testng.reporters.JUnitReportReporter -->
<testsuite skipped="0" hostname="DESKTOP-JVNORO9" name="APITestCase.TestCase" tests="1" failures="0" timestamp="12 Jul 2020 13:43:28 GMT" time="5.136" errors="0">
  <testcase name="Test1" time="5.136" classname="APITestCase.TestCase"/>
</testsuite> <!-- APITestCase.TestCase -->
